GdzieJestMojaPaczka/proguard/seeds.txt
org.antczak.whereIsMyPackage.Details
org.antczak.whereIsMyPackage.Main
org.antczak.whereIsMyPackage.Preferences
org.antczak.whereIsMyPackage.PreferencesCourierOrder
org.antczak.whereIsMyPackage.R$array: int curiers
org.antczak.whereIsMyPackage.R$array: int curiersCodes
org.antczak.whereIsMyPackage.R$array: int curiersIsMonitorable
org.antczak.whereIsMyPackage.R$array: int frequencyTitles
org.antczak.whereIsMyPackage.R$array: int frequencyValues
org.antczak.whereIsMyPackage.R$array: int sortingTitles
org.antczak.whereIsMyPackage.R$array: int sortingValues
org.antczak.whereIsMyPackage.R$attr: int dragndrop_background
org.antczak.whereIsMyPackage.R$attr: int expanded_height
org.antczak.whereIsMyPackage.R$attr: int grabber
org.antczak.whereIsMyPackage.R$attr: int normal_height
org.antczak.whereIsMyPackage.R$attr: int remove_mode
org.antczak.whereIsMyPackage.R$drawable: int background
org.antczak.whereIsMyPackage.R$drawable: int barcode
org.antczak.whereIsMyPackage.R$drawable: int bg
org.antczak.whereIsMyPackage.R$drawable: int courier_dhl
org.antczak.whereIsMyPackage.R$drawable: int courier_dpd
org.antczak.whereIsMyPackage.R$drawable: int courier_gls
org.antczak.whereIsMyPackage.R$drawable: int courier_inpost
org.antczak.whereIsMyPackage.R$drawable: int courier_kex
org.antczak.whereIsMyPackage.R$drawable: int courier_opek
org.antczak.whereIsMyPackage.R$drawable: int courier_poczta
org.antczak.whereIsMyPackage.R$drawable: int courier_pocztex
org.antczak.whereIsMyPackage.R$drawable: int courier_schenker
org.antczak.whereIsMyPackage.R$drawable: int courier_siodemka
org.antczak.whereIsMyPackage.R$drawable: int courier_tnt
org.antczak.whereIsMyPackage.R$drawable: int courier_ups
org.antczak.whereIsMyPackage.R$drawable: int ic_grabber
org.antczak.whereIsMyPackage.R$drawable: int ic_launcher
org.antczak.whereIsMyPackage.R$drawable: int ic_menu_clear_playlist
org.antczak.whereIsMyPackage.R$drawable: int ic_menu_close_clear_cancel
org.antczak.whereIsMyPackage.R$drawable: int ic_menu_compose
org.antczak.whereIsMyPackage.R$drawable: int ic_menu_compose_delete
org.antczak.whereIsMyPackage.R$drawable: int ic_menu_delete
org.antczak.whereIsMyPackage.R$drawable: int ic_menu_info_details
org.antczak.whereIsMyPackage.R$drawable: int ic_menu_preferences
org.antczak.whereIsMyPackage.R$id: int button1
org.antczak.whereIsMyPackage.R$id: int button2
org.antczak.whereIsMyPackage.R$id: int desc
org.antczak.whereIsMyPackage.R$id: int editText1
org.antczak.whereIsMyPackage.R$id: int fling
org.antczak.whereIsMyPackage.R$id: int icon
org.antczak.whereIsMyPackage.R$id: int imageViewDetails1
org.antczak.whereIsMyPackage.R$id: int imageViewList1
org.antczak.whereIsMyPackage.R$id: int imageViewOptionsMenu1
org.antczak.whereIsMyPackage.R$id: int label
org.antczak.whereIsMyPackage.R$id: int linearLayout1
org.antczak.whereIsMyPackage.R$id: int listView1
org.antczak.whereIsMyPackage.R$id: int listViewDetails1
org.antczak.whereIsMyPackage.R$id: int menuAbout
org.antczak.whereIsMyPackage.R$id: int menuClearHistory
org.antczak.whereIsMyPackage.R$id: int menuClearMonitored
org.antczak.whereIsMyPackage.R$id: int menuClose
org.antczak.whereIsMyPackage.R$id: int menuOrderAsc
org.antczak.whereIsMyPackage.R$id: int menuOrderDesc
org.antczak.whereIsMyPackage.R$id: int menuPreferences
org.antczak.whereIsMyPackage.R$id: int menuRate
org.antczak.whereIsMyPackage.R$id: int menuRevert
org.antczak.whereIsMyPackage.R$id: int menuStartMonitoring
org.antczak.whereIsMyPackage.R$id: int menuStopMonitoring
org.antczak.whereIsMyPackage.R$id: int none
org.antczak.whereIsMyPackage.R$id: int scrollView1
org.antczak.whereIsMyPackage.R$id: int slide
org.antczak.whereIsMyPackage.R$id: int slideLeft
...
android.support.v4.app.BackStackState
android.support.v4.app.BackStackState: android.os.Parcelable$Creator CREATOR
android.support.v4.app.Fragment$SavedState
android.support.v4.app.Fragment$SavedState: android.os.Parcelable$Creator CREATOR
android.support.v4.app.FragmentActivity
android.support.v4.app.FragmentManagerState
android.support.v4.app.FragmentManagerState: android.os.Parcelable$Creator CREATOR
android.support.v4.app.FragmentState
android.support.v4.app.FragmentState: android.os.Parcelable$Creator CREATOR
android.support.v4.content.ModernAsyncTask$Status: android.support.v4.content.ModernAsyncTask$Status[] values()
android.support.v4.content.ModernAsyncTask$Status: android.support.v4.content.ModernAsyncTask$Status valueOf(java.lang.String)
android.support.v4.view.PagerTitleStrip
android.support.v4.view.PagerTitleStrip: PagerTitleStrip(android.content.Context)
android.support.v4.view.PagerTitleStrip: PagerTitleStrip(android.content.Context,android.util.AttributeSet)
android.support.v4.view.ViewPager
android.support.v4.view.ViewPager: ViewPager(android.content.Context)
android.support.v4.view.ViewPager: ViewPager(android.content.Context,android.util.AttributeSet)
android.support.v4.view.ViewPager$SavedState
android.support.v4.view.ViewPager$SavedState: android.os.Parcelable$Creator CREATOR
com.google.android.apps.analytics.AnalyticsReceiver