GdzieJestMojaPaczka/proguard/mapping.txt
org.antczak.whereIsMyPackage.Details -> org.antczak.whereIsMyPackage.Details:
    java.util.List groupData -> a
    boolean currentSortAsc -> b
    boolean currentMonitoringStatus -> c
    android.content.SharedPreferences prefs -> d
    org.antczak.whereIsMyPackage.History history -> e
    java.lang.String packageNumber -> f
    java.lang.String isMonitorable -> g
    void onCreate(android.os.Bundle) -> onCreate
    void onPause() -> onPause
    void onResume() -> onResume
    boolean onCreateOptionsMenu(android.view.Menu) -> onCreateOptionsMenu
    boolean onPrepareOptionsMenu(android.view.Menu) -> onPrepareOptionsMenu
    boolean onOptionsItemSelected(android.view.MenuItem) -> onOptionsItemSelected
    void fillList(java.util.List) -> a
org.antczak.whereIsMyPackage.History -> org.antczak.whereIsMyPackage.a:
    java.lang.String DATABASE_NAME -> a
    java.lang.String DATABASE_TABLE -> b
    android.database.sqlite.SQLiteDatabase myDB -> c
    void addToHistory(java.lang.String,java.lang.String,java.lang.String,java.lang.String) -> a
    void clearHistory() -> a
    void clearMonitored() -> b
    void deleteFromHistory(java.lang.String) -> a
    android.database.Cursor getHistory$61f2fb4b() -> c
    int getHistoryCount() -> d
    android.database.Cursor getMonitored() -> e
    void oneMoreCheck(java.lang.String) -> b
    int getMonitoredCount() -> f
    void startMonitoring(java.lang.String) -> c
    void stopMonitoring(java.lang.String) -> d
    void closeConnection() -> g
    void updateRowsCount(java.lang.String,int) -> a
    void addDesc(java.lang.String,java.lang.String) -> a
    void deleteDesc(java.lang.String) -> e
org.antczak.whereIsMyPackage.Main -> org.antczak.whereIsMyPackage.Main:
    android.widget.ImageButton scanBar -> a
    android.widget.ImageButton checkPackage -> b
    android.widget.EditText packageNumber -> c
    android.widget.Spinner courierNameDropdown -> d
    android.content.SharedPreferences prefs -> e
    android.content.SharedPreferences$Editor prefsEditor -> f
    org.antczak.whereIsMyPackage.History history -> g
    java.lang.String[] courierNames -> h
    java.lang.String[] courierCodes -> i
    java.lang.String[] customCuriersOrder -> j
    int[] courierIsMonitorable -> k
    android.widget.ListView historyList -> l
    android.app.Dialog optionsMenu -> m
    android.app.PendingIntent monitorService -> n
    java.lang.String appVersion -> o
    android.content.Context ctx -> p
    com.google.android.apps.analytics.GoogleAnalyticsTracker tracker -> q
    org.antczak.whereIsMyPackage.adpaters.SimpleCursorAdapterHistory sca -> r
    android.database.Cursor searchHistory -> s
    android.os.AsyncTask checkPackageThread -> t
    android.widget.AdapterView$OnItemSelectedListener selectCourierListiner -> u
    android.view.View$OnClickListener scanBarListiner -> v
    android.view.View$OnClickListener checkPackageListiner -> w
    android.widget.AdapterView$OnItemClickListener historyListListiner -> x
    android.view.View$OnKeyListener packageNumberListiner -> y
    void onCreate(android.os.Bundle) -> onCreate
org.antczak.whereIsMyPackage.Main$1 -> org.antczak.whereIsMyPackage.b:
    org.antczak.whereIsMyPackage.Main this$0 -> a
    void onItemSelected(android.widget.AdapterView,android.view.View,int,long) -> onItemSelected
    void onNothingSelected(android.widget.AdapterView) -> onNothingSelected
org.antczak.whereIsMyPackage.Main$2 -> org.antczak.whereIsMyPackage.c:
    org.antczak.whereIsMyPackage.Main this$0 -> a
    void onClick(android.view.View) -> onClick
org.antczak.whereIsMyPackage.Main$3 -> org.antczak.whereIsMyPackage.d:
    org.antczak.whereIsMyPackage.Main this$0 -> a
    void onClick(android.view.View) -> onClick
...
android.support.v4.os.ParcelableCompatCreatorCallbacks -> android.support.v4.b.c:
    java.lang.Object createFromParcel$58b95460(android.os.Parcel) -> a
    java.lang.Object[] newArray(int) -> a
android.support.v4.os.ParcelableCompatCreatorHoneycombMR2 -> android.support.v4.b.d:
    android.support.v4.os.ParcelableCompatCreatorCallbacks mCallbacks -> a
android.support.v4.util.DebugUtils -> android.support.v4.c.a:
    void buildShortClassTag(java.lang.Object,java.lang.StringBuilder) -> a
android.support.v4.util.LogWriter -> android.support.v4.c.b:
    java.lang.String mTag -> a
    java.lang.StringBuilder mBuilder -> b
    void close() -> close
    void flush() -> flush
    void write(char[],int,int) -> write
    void flushBuilder() -> a
android.support.v4.view.KeyEventCompat -> android.support.v4.view.a:
    android.support.v4.view.KeyEventCompat$KeyEventVersionImpl IMPL -> a
    boolean hasModifiers$79c6ddc0(android.view.KeyEvent) -> a
    boolean hasNoModifiers(android.view.KeyEvent) -> b
android.support.v4.view.KeyEventCompat$BaseKeyEventVersionImpl -> android.support.v4.view.b:
    int metaStateFilterDirectionalModifiers$2e71581f(int,int,int,int) -> a
    int normalizeMetaState(int) -> c
    boolean metaStateHasModifiers$255f299(int) -> a
    boolean metaStateHasNoModifiers(int) -> b
android.support.v4.view.KeyEventCompat$HoneycombKeyEventVersionImpl -> android.support.v4.view.c:
    boolean metaStateHasModifiers$255f299(int) -> a
    boolean metaStateHasNoModifiers(int) -> b
android.support.v4.view.KeyEventCompat$KeyEventVersionImpl -> android.support.v4.view.d:
    boolean metaStateHasModifiers$255f299(int) -> a
    boolean metaStateHasNoModifiers(int) -> b
android.support.v4.view.MotionEventCompat -> android.support.v4.view.e:
    android.support.v4.view.MotionEventCompat$MotionEventVersionImpl IMPL -> a
    int getActionIndex(android.view.MotionEvent) -> a
    int findPointerIndex(android.view.MotionEvent,int) -> a
    int getPointerId(android.view.MotionEvent,int) -> b
    float getX(android.view.MotionEvent,int) -> c
    float getY(android.view.MotionEvent,int) -> d
android.support.v4.view.MotionEventCompat$BaseMotionEventVersionImpl -> android.support.v4.view.f:
    int findPointerIndex(android.view.MotionEvent,int) -> a
    int getPointerId(android.view.MotionEvent,int) -> b
    float getX(android.view.MotionEvent,int) -> c
    float getY(android.view.MotionEvent,int) -> d
android.support.v4.view.MotionEventCompat$EclairMotionEventVersionImpl -> android.support.v4.view.g:
    int findPointerIndex(android.view.MotionEvent,int) -> a
    int getPointerId(android.view.MotionEvent,int) -> b
    float getX(android.view.MotionEvent,int) -> c
    float getY(android.view.MotionEvent,int) -> d
android.support.v4.view.MotionEventCompat$MotionEventVersionImpl -> android.support.v4.view.h:
    int findPointerIndex(android.view.MotionEvent,int) -> a
    int getPointerId(android.view.MotionEvent,int) -> b
    float getX(android.view.MotionEvent,int) -> c
    float getY(android.view.MotionEvent,int) -> d
android.support.v4.view.PagerAdapter -> android.support.v4.view.i:
    android.database.DataSetObservable mObservable -> a
    int getCount() -> a
    boolean isViewFromObject$171eb1dd() -> b
    void registerDataSetObserver(android.database.DataSetObserver) -> a
    void unregisterDataSetObserver(android.database.DataSetObserver) -> b