GdzieJestMojaPaczka/proguard/usage.txt
org.antczak.whereIsMyPackage.Details:
    private static final java.lang.String TAG
org.antczak.whereIsMyPackage.History:
    private static final java.lang.String TAG
org.antczak.whereIsMyPackage.Main:
    private static final java.lang.String TAG
    android.widget.Toast info
org.antczak.whereIsMyPackage.Preferences:
    private static final java.lang.String TAG
org.antczak.whereIsMyPackage.PreferencesCourierOrder:
    private static final java.lang.String TAG
org.antczak.whereIsMyPackage.R$array
org.antczak.whereIsMyPackage.R$attr
org.antczak.whereIsMyPackage.R$drawable
org.antczak.whereIsMyPackage.R$id
org.antczak.whereIsMyPackage.R$layout
org.antczak.whereIsMyPackage.R$menu
org.antczak.whereIsMyPackage.R$string
org.antczak.whereIsMyPackage.R$xml
org.antczak.whereIsMyPackage.adpaters.ArrayAdapterMenu:
    private static final java.lang.String TAG
org.antczak.whereIsMyPackage.adpaters.SimpleCursorAdapterHistory:
    private static final java.lang.String TAG
org.antczak.whereIsMyPackage.service.BootBrodcastReceiver:
    private static final java.lang.String TAG
org.antczak.whereIsMyPackage.service.MonitorService:
    private static final java.lang.String TAG
org.antczak.whereIsMyPackage.utils.ReadFromURL:
    private static final java.lang.String TAG
    37:37:public static int readInt(java.lang.String)
    42:45:public static org.json.JSONObject readJSON(java.lang.String)
org.antczak.whereIsMyPackage.views.TouchListView:
    public static final int FLING
    public static final int SLIDE_RIGHT
    public static final int SLIDE_LEFT
    464:465:public void setDragListener(org.antczak.whereIsMyPackage.views.TouchListView$DragListener)
...
android.support.v4.view.ViewGroupCompat
android.support.v4.view.ViewGroupCompat$ViewGroupCompatIcsImpl
android.support.v4.view.ViewGroupCompat$ViewGroupCompatImpl
android.support.v4.view.ViewGroupCompat$ViewGroupCompatStubImpl
android.support.v4.view.ViewGroupCompatIcs
android.support.v4.view.ViewPager:
    private static final java.lang.String TAG
    private static final boolean DEBUG
    private static final boolean USE_CACHE
    private static final int DEFAULT_OFFSCREEN_PAGES
    private static final int MAX_SETTLE_DURATION
    private static final int MIN_DISTANCE_FOR_FLING
    private android.support.v4.view.ViewPager$PagerObserver mObserver
    private static final int INVALID_POINTER
    private long mFakeDragBeginTime
    public static final int SCROLL_STATE_IDLE
    public static final int SCROLL_STATE_DRAGGING
    public static final int SCROLL_STATE_SETTLING
    314:351:public void setAdapter(android.support.v4.view.PagerAdapter)
    354:362:private void removeNonDecorViews()
    385:387:public void setCurrentItem(int)
    462:463:public void setOnPageChangeListener(android.support.v4.view.ViewPager$OnPageChangeListener)
    485:485:public int getOffscreenPageLimit()
    506:515:public void setOffscreenPageLimit(int)
    526:533:public void setPageMargin(int)
    541:541:public int getPageMargin()
    550:554:public void setPageMarginDrawable(android.graphics.drawable.Drawable)
    562:563:public void setPageMarginDrawable(int)
    596:597:void smoothScrollTo(int,int)
    660:717:void dataSetChanged()
    1652:1668:public boolean beginFakeDrag()
    1678:1697:public void endFakeDrag()
    1707:1735:public void fakeDragBy(float)
    1747:1747:public boolean isFakeDragging()
android.support.v4.view.ViewPager$OnAdapterChangeListener:
    public abstract void onAdapterChanged(android.support.v4.view.PagerAdapter,android.support.v4.view.PagerAdapter)
android.support.v4.view.ViewPager$PagerObserver
android.support.v4.view.ViewPager$SimpleOnPageChangeListener
android.support.v4.view.accessibility.AccessibilityEventCompat
android.support.v4.view.accessibility.AccessibilityEventCompat$AccessibilityEventIcsImpl
android.support.v4.view.accessibility.AccessibilityEventCompat$AccessibilityEventStubImpl
android.support.v4.view.accessibility.AccessibilityEventCompat$AccessibilityEventVersionImpl
android.support.v4.view.accessibility.AccessibilityEventCompatIcs
android.support.v4.view.accessibility.AccessibilityManagerCompat
android.support.v4.view.accessibility.AccessibilityManagerCompat$AccessibilityManagerIcsImpl
android.support.v4.view.accessibility.AccessibilityManagerCompat$AccessibilityManagerIcsImpl$1
android.support.v4.view.accessibility.AccessibilityManagerCompat$AccessibilityManagerStubImpl
android.support.v4.view.accessibility.AccessibilityManagerCompat$AccessibilityManagerVersionImpl
android.support.v4.view.accessibility.AccessibilityManagerCompat$AccessibilityStateChangeListenerCompat
android.support.v4.view.accessibility.AccessibilityManagerCompatIcs
android.support.v4.view.accessibility.AccessibilityManagerCompatIcs$1
android.support.v4.view.accessibility.AccessibilityManagerCompatIcs$AccessibilityStateChangeListenerBridge
android.support.v4.view.accessibility.AccessibilityNodeInfoCompat
android.support.v4.view.accessibility.AccessibilityNodeInfoCompat$AccessibilityNodeInfoIcsImpl
android.support.v4.view.accessibility.AccessibilityNodeInfoCompat$AccessibilityNodeInfoImpl
android.support.v4.view.accessibility.AccessibilityNodeInfoCompat$AccessibilityNodeInfoStubImpl
android.support.v4.view.accessibility.AccessibilityNodeInfoCompatIcs
android.support.v4.view.accessibility.AccessibilityRecordCompat
android.support.v4.view.accessibility.AccessibilityRecordCompat$AccessibilityRecordIcsImpl
android.support.v4.view.accessibility.AccessibilityRecordCompat$AccessibilityRecordImpl